[debug] [2024-08-05T07:04:26.232Z] ----------------------------------------------------------------------
[debug] [2024-08-05T07:04:26.235Z] Command:       C:\Program Files\nodejs\node.exe C:\Users\mrpc\AppData\Roaming\npm\node_modules\firebase-tools\lib\bin\firebase.js init
[debug] [2024-08-05T07:04:26.235Z] CLI Version:   13.15.0
[debug] [2024-08-05T07:04:26.235Z] Platform:      win32
[debug] [2024-08-05T07:04:26.236Z] Node Version:  v20.16.0
[debug] [2024-08-05T07:04:26.236Z] Time:          Mon Aug 05 2024 12:34:26 GMT+0530 (India Standard Time)
[debug] [2024-08-05T07:04:26.236Z] ----------------------------------------------------------------------
[debug] 
[debug] [2024-08-05T07:04:26.300Z] > command requires scopes: ["email","openid","https://www.googleapis.com/auth/cloudplatformprojects.readonly","https://www.googleapis.com/auth/firebase","https://www.googleapis.com/auth/cloud-platform"]
[debug] [2024-08-05T07:04:26.300Z] > authorizing via signed-in user (mdsufyanuddintaha@gmail.com)
[info] 
     ######## #### ########  ######## ########     ###     ######  ########
     ##        ##  ##     ## ##       ##     ##  ##   ##  ##       ##
     ######    ##  ########  ######   ########  #########  ######  ######
     ##        ##  ##    ##  ##       ##     ## ##     ##       ## ##
     ##       #### ##     ## ######## ########  ##     ##  ######  ########

You're about to initialize a Firebase project in this directory:

  E:\twitch-nextjs-tailwind-main

Before we get started, keep in mind:

  * You are initializing within an existing Firebase project directory

[info] 
=== Project Setup
[info] 
[info] First, let's associate this project directory with a Firebase project.
[info] You can create multiple project aliases by running firebase use --add, 
[info] but for now we'll just set up a default project.
[info] 
[debug] [2024-08-05T07:04:32.836Z] Using project from CLI flag: twitch-app-261998
[debug] [2024-08-05T07:04:32.837Z] > refreshing access token with scopes: []
[debug] [2024-08-05T07:04:32.839Z] >>> [apiv2][query] POST https://www.googleapis.com/oauth2/v3/token [none]
[debug] [2024-08-05T07:04:32.839Z] >>> [apiv2][body] POST https://www.googleapis.com/oauth2/v3/token [omitted]
[debug] [2024-08-05T07:04:33.155Z] <<< [apiv2][status] POST https://www.googleapis.com/oauth2/v3/token 200
[debug] [2024-08-05T07:04:33.155Z] <<< [apiv2][body] POST https://www.googleapis.com/oauth2/v3/token [omitted]
[debug] [2024-08-05T07:04:33.172Z] >>> [apiv2][query] GET https://firebase.googleapis.com/v1beta1/projects/twitch-app-261998 [none]
[debug] [2024-08-05T07:04:33.680Z] <<< [apiv2][status] GET https://firebase.googleapis.com/v1beta1/projects/twitch-app-261998 200
[debug] [2024-08-05T07:04:33.680Z] <<< [apiv2][body] GET https://firebase.googleapis.com/v1beta1/projects/twitch-app-261998 {"projectId":"twitch-app-261998","projectNumber":"282974398806","displayName":"stream-app","name":"projects/twitch-app-261998","resources":{"hostingSite":"twitch-app-261998"},"state":"ACTIVE","etag":"1_92e3de6c-a835-4ac5-948a-30275653f2bf"}
[info] i  Using project twitch-app-261998 (stream-app) 
[info] 
=== Hosting Setup
[debug] [2024-08-05T07:04:33.690Z] >>> [apiv2][query] GET https://firebase.googleapis.com/v1beta1/projects/twitch-app-261998 [none]
[debug] [2024-08-05T07:04:34.052Z] <<< [apiv2][status] GET https://firebase.googleapis.com/v1beta1/projects/twitch-app-261998 200
[debug] [2024-08-05T07:04:34.053Z] <<< [apiv2][body] GET https://firebase.googleapis.com/v1beta1/projects/twitch-app-261998 {"projectId":"twitch-app-261998","projectNumber":"282974398806","displayName":"stream-app","name":"projects/twitch-app-261998","resources":{"hostingSite":"twitch-app-261998"},"state":"ACTIVE","etag":"1_92e3de6c-a835-4ac5-948a-30275653f2bf"}
[info] 
[info] Your public directory is the folder (relative to your project directory) that
[info] will contain Hosting assets to be uploaded with firebase deploy. If you
[info] have a build process for your assets, use your build's output directory.
[info] 
